[23:04:07] [ServerMain/INFO]: Environment: Environment[sessionHost=https://sessionserver.mojang.com, servicesHost=https://api.minecraftservices.com, name=PROD]
[23:04:10] [ServerMain/INFO]: Loaded 1290 recipes
[23:04:10] [ServerMain/INFO]: Loaded 1399 advancements
[23:04:11] [Server thread/INFO]: Starting minecraft server version 1.21
[23:04:11] [Server thread/INFO]: Loading properties
[23:04:11] [Server thread/INFO]: Default game type: SURVIVAL
[23:04:11] [Server thread/INFO]: Generating keypair
[23:04:11] [Server thread/INFO]: Starting Minecraft server on *:25565
[23:04:11] [Server thread/INFO]: Using epoll channel type
[23:04:11] [Server thread/WARN]: **** SERVER IS RUNNING IN OFFLINE/INSECURE MODE!
[23:04:11] [Server thread/WARN]: The server will make no attempt to authenticate usernames. Beware.
[23:04:11] [Server thread/WARN]: While this makes the game possible to play without internet access, it also opens up the ability for hackers to connect with any username they choose.
[23:04:11] [Server thread/WARN]: To change this, set "online-mode" to "true" in the server.properties file.
[23:04:11] [Server thread/INFO]: Preparing level "world"
[23:04:14] [Server thread/INFO]: Preparing start region for dimension minecraft:overworld
[23:04:14] [Worker-Main-1/INFO]: Preparing spawn area: 0%
[23:04:14] [Worker-Main-2/INFO]: Preparing spawn area: 44%
[23:04:15] [Server thread/INFO]: Time elapsed: 695 ms
[23:04:15] [Server thread/INFO]: Done (3.663s)! For help, type "help"
[23:04:21] [Server thread/INFO]: S3B4L[/100.125.15.17:58618] logged in with entity id 76 at (8.740897572821577, 64.0, -8.706296435751069)
[23:04:21] [Server thread/INFO]: S3B4L joined the game
[23:06:45] [Server thread/INFO]: S3B4L was shot by Skeleton
[23:12:21] [Server thread/INFO]: S3B4L lost connection: Disconnected
[23:12:21] [Server thread/INFO]: S3B4L left the game
